<?xml version="1.0" encoding="UTF-8"?>
<!-- Generated by org.testng.reporters.JUnitXMLReporter -->
<testsuite ignored="0" hostname="DESKTOP-9LRPA4A" failures="0" tests="10" name="Default test" time="741.618" errors="0" timestamp="2025-05-12T12:25:47 IST">
  <testcase classname="petsitcare_User_TestCases.TC_15_notifications" name="validLoginTest" time="42.169"/>
  <testcase classname="petsitcare_User_TestCases.TC_11_mydoglist" name="validLoginTest" time="58.212"/>
  <testcase classname="petsitcare_Admin_TestCases.login" name="login1" time="38.662"/>
  <testcase classname="petsitcare_User_TestCases.TC_12_wallet" name="validLoginTest" time="21.587"/>
  <testcase classname="petsitcare_Admin_TestCases.dashboars_testcases" name="dashboard" time="87.042"/>
  <testcase classname="petsitcare_User_TestCases.Login_TC_01" name="validLoginTest" time="1.674"/>
  <testcase classname="petsitcare_User_TestCases.TC_14_Recivedservice" name="validLoginTest" time="70.36"/>
  <testcase classname="petsitcare_Admin_TestCases.Managesubscriber" name="testSubscribersActions" time="64.877"/>
  <testcase classname="petsitcare_User_TestCases.TC_10_myservice" name="validLoginTest" time="123.084"/>
  <testcase classname="petsitcare_User_TestCases.TC_13_servicerequest" name="validLoginTest" time="73.123"/>
</testsuite> <!-- Default test -->
