<?xml version="1.0" encoding="UTF-8"?>
<!-- Generated by org.testng.reporters.JUnitXMLReporter -->
<testsuite ignored="2" hostname="DESKTOP-9LRPA4A" failures="0" tests="2" name="Test" time="141.992" errors="0" timestamp="2025-04-10T17:12:39 IST">
  <testcase classname="petsitcare_User_TestCases.TC_01_login" name="login" time="2.498"/>
  <testcase classname="petsitcare_User_TestCases.TC_10_myservice" name="myservice" time="138.653"/>
  <testcase classname="base.Baseclass" name="@BeforeSuite openurl" time="0.0">
    <ignored/>
  </testcase> <!-- @BeforeSuite openurl -->
  <testcase classname="base.Baseclass" name="@AfterSuite closeurl" time="0.0">
    <ignored/>
  </testcase> <!-- @AfterSuite closeurl -->
</testsuite> <!-- Test -->
