<?xml version="1.0" encoding="UTF-8"?>
<!-- Generated by org.testng.reporters.JUnitXMLReporter -->
<testsuite ignored="0" hostname="DESKTOP-9LRPA4A" failures="1" tests="7" name="Test" time="448.255" errors="0" timestamp="2025-05-08T12:39:29 IST">
  <testcase classname="petsitcare_User_TestCases.TC_14_Recivedservice" name="Recivedservice" time="68.633"/>
  <testcase classname="petsitcare_User_TestCases.Login_TC_01" name="myservice" time="3.298"/>
  <testcase classname="petsitcare_User_TestCases.TC_13_servicerequest" name="myservice" time="71.096"/>
  <testcase classname="petsitcare_User_TestCases.TC_11_mydoglist" name="mydoglist" time="54.033"/>
  <testcase classname="petsitcare_User_TestCases.TC_10_myservice" name="myservice" time="119.245"/>
  <testcase classname="petsitcare_Admin_TestCases.login" name="login1" time="0.309">
    <failure type="java.io.FileNotFoundException" message="C:\Users\NISHITH\git\Petsitcare35\excel\Book1.xlsx (The system cannot find the path specified)">
      <![CDATA[java.io.FileNotFoundException: C:\Users\NISHITH\git\Petsitcare35\excel\Book1.xlsx (The system cannot find the path specified)
at java.base/java.io.FileInputStream.open0(Native Method)
at java.base/java.io.FileInputStream.open(FileInputStream.java:219)
at java.base/java.io.FileInputStream.<init>(FileInputStream.java:159)
at java.base/java.io.FileInputStream.<init>(FileInputStream.java:112)
at utils.XLUtils.getRowCount(XLUtils.java:30)
at petsitcare_Admin_TestCases.login.login1(login.java:22)
at java.base/java.util.ArrayList.forEach(ArrayList.java:1597)
... Removed 25 stack frames]]>
    </failure>
  </testcase> <!-- login1 -->
  <testcase classname="petsitcare_User_TestCases.TC_12_wallet" name="myservice" time="22.404"/>
</testsuite> <!-- Test -->
