<?xml version="1.0" encoding="UTF-8"?>
<testng-results ignored="0" total="1" passed="1" failed="0" skipped="0">
  <reporter-output>
  </reporter-output>
  <suite started-at="2025-04-16T11:19:56 IST" name="Suite" finished-at="2025-04-16T11:22:00 IST" duration-ms="124335">
    <groups>
    </groups>
    <test started-at="2025-04-16T11:19:56 IST" name="Test" finished-at="2025-04-16T11:22:00 IST" duration-ms="124335">
      <class name="petsitcare_User_TestCases.TC_10_myservice">
        <test-method is-config="true" signature="openurl()[pri:0, instance:petsitcare_User_TestCases.TC_10_myservice@2002fc1d]" started-at="2025-04-16T11:19:39 IST" name="openurl" finished-at="2025-04-16T11:19:56 IST" duration-ms="16818" status="PASS">
          <reporter-output>
          </reporter-output>
        </test-method> <!-- openurl -->
        <test-method signature="myservice()[pri:2, instance:petsitcare_User_TestCases.TC_10_myservice@2002fc1d]" started-at="2025-04-16T11:19:57 IST" name="myservice" finished-at="2025-04-16T11:22:00 IST" duration-ms="123276" status="PASS">
          <reporter-output>
          </reporter-output>
        </test-method> <!-- myservice -->
        <test-method is-config="true" signature="closeurl()[pri:0, instance:petsitcare_User_TestCases.TC_10_myservice@2002fc1d]" started-at="2025-04-16T11:22:02 IST" name="closeurl" finished-at="2025-04-16T11:22:09 IST" duration-ms="7066" status="PASS">
          <reporter-output>
          </reporter-output>
        </test-method> <!-- closeurl -->
      </class> <!-- petsitcare_User_TestCases.TC_10_myservice -->
    </test> <!-- Test -->
  </suite> <!-- Suite -->
</testng-results>
