<?xml version="1.0" encoding="UTF-8"?>
<testng-results ignored="0" total="2" passed="2" failed="0" skipped="0">
  <reporter-output>
  </reporter-output>
  <suite started-at="2025-04-10T17:10:16 IST" name="Suite" finished-at="2025-04-10T17:12:38 IST" duration-ms="141992">
    <groups>
    </groups>
    <test started-at="2025-04-10T17:10:16 IST" name="Test" finished-at="2025-04-10T17:12:38 IST" duration-ms="141992">
      <class name="petsitcare_User_TestCases.TC_01_login">
        <test-method is-config="true" signature="openurl()[pri:0, instance:petsitcare_User_TestCases.TC_01_login@6f4a47c7]" started-at="2025-04-10T17:10:01 IST" name="openurl" finished-at="2025-04-10T17:10:16 IST" duration-ms="14615" status="PASS">
          <reporter-output>
          </reporter-output>
        </test-method> <!-- openurl -->
        <test-method signature="login()[pri:1, instance:petsitcare_User_TestCases.TC_01_login@6f4a47c7]" started-at="2025-04-10T17:10:17 IST" name="login" finished-at="2025-04-10T17:10:19 IST" duration-ms="2498" status="PASS">
          <reporter-output>
          </reporter-output>
        </test-method> <!-- login -->
        <test-method is-config="true" signature="closeurl()[pri:0, instance:petsitcare_User_TestCases.TC_01_login@6f4a47c7]" started-at="2025-04-10T17:12:39 IST" name="closeurl" finished-at="2025-04-10T17:12:46 IST" duration-ms="7256" status="PASS">
          <reporter-output>
          </reporter-output>
        </test-method> <!-- closeurl -->
      </class> <!-- petsitcare_User_TestCases.TC_01_login -->
      <class name="petsitcare_User_TestCases.TC_10_myservice">
        <test-method signature="myservice()[pri:2, instance:petsitcare_User_TestCases.TC_10_myservice@587e5365]" started-at="2025-04-10T17:10:19 IST" name="myservice" finished-at="2025-04-10T17:12:38 IST" duration-ms="138653" status="PASS">
          <reporter-output>
          </reporter-output>
        </test-method> <!-- myservice -->
      </class> <!-- petsitcare_User_TestCases.TC_10_myservice -->
    </test> <!-- Test -->
  </suite> <!-- Suite -->
</testng-results>
